


ARM Macro Assembler    Page 1 


    1 00000000                 AREA             STACK,NOINIT,READWRITE,ALIGN=3
    2 00000000         
    3 00000000         Stack_Mem
                               SPACE            0x400
    4 00000400         
    5 00000400         __initial_sp
    6 00000400                 AREA             RESET,DATA,READONLY
    7 00000000         
    8 00000000         __Vectors
    9 00000000 00000000        DCD              __initial_sp
   10 00000004 00000000        DCD              Reset_handler
   11 00000008         
   12 00000008                 AREA             |.text|,CODE,READONLY
   13 00000000                 THUMB
   14 00000000                 REQUIRE8
   15 00000000                 PRESERVE8
   16 00000000                 ENTRY
   17 00000000         
   18 00000000         Reset_handler
   19 00000000 F04F 0000       mov              r0,#0
   20 00000004 F04F 010A       mov              r1,#10
   21 00000008         
   22 00000008         loop
   23 00000008 4408            add              r0,r1
   24 0000000A 3901            subs             r1,#1
   25 0000000C D1FC            bne              loop
   26 0000000E         
   27 0000000E E7FE            b                .
   28 00000010                 end
Command Line: --debug --xref --diag_suppress=9931 --cpu=Cortex-M3 --apcs=interw
ork --depend=.\objects\one_loop.d -o.\objects\one_loop.o -ID:\stm32\¿Î³Ìday1\da
y2\one_loop\RTE -ID:\stm32\pack\Keil\STM32F1xx_DFP\2.1.0 -ID:\stm32\core\ARM\CM
SIS\Include --predefine="__UVISION_VERSION SETA 514" --predefine="STM32F10X_MD 
SETA 1" --list=.\listings\one_loop.lst one_loop.s



ARM Macro Assembler    Page 1 Alphabetic symbol ordering
Relocatable symbols

STACK 00000000

Symbol: STACK
   Definitions
      At line 1 in file one_loop.s
   Uses
      None
Comment: STACK unused
Stack_Mem 00000000

Symbol: Stack_Mem
   Definitions
      At line 3 in file one_loop.s
   Uses
      None
Comment: Stack_Mem unused
__initial_sp 00000400

Symbol: __initial_sp
   Definitions
      At line 5 in file one_loop.s
   Uses
      At line 9 in file one_loop.s
Comment: __initial_sp used once
3 symbols



ARM Macro Assembler    Page 1 Alphabetic symbol ordering
Relocatable symbols

RESET 00000000

Symbol: RESET
   Definitions
      At line 6 in file one_loop.s
   Uses
      None
Comment: RESET unused
__Vectors 00000000

Symbol: __Vectors
   Definitions
      At line 8 in file one_loop.s
   Uses
      None
Comment: __Vectors unused
2 symbols



ARM Macro Assembler    Page 1 Alphabetic symbol ordering
Relocatable symbols

.text 00000000

Symbol: .text
   Definitions
      At line 12 in file one_loop.s
   Uses
      None
Comment: .text unused
Reset_handler 00000000

Symbol: Reset_handler
   Definitions
      At line 18 in file one_loop.s
   Uses
      At line 10 in file one_loop.s
Comment: Reset_handler used once
loop 00000008

Symbol: loop
   Definitions
      At line 22 in file one_loop.s
   Uses
      At line 25 in file one_loop.s
Comment: loop used once
3 symbols
340 symbols in table
