


ARM Macro Assembler    Page 1 


    1 00000000 40010810 
                       GPIOA_BSRR
                               EQU              0x40010810
    2 00000000 40010814 
                       GPIOA_BRR
                               EQU              0x40010814
    3 00000000 40021018 
                       RCC_APB2ENR
                               EQU              0x40021018
    4 00000000 40010800 
                       GPIOA_CRL
                               EQU              0x40010800
    5 00000000         
    6 00000000                 AREA             STACK,NOINIT,READWRITE,ALIGN=3
    7 00000000         
    8 00000000         Stack_Mem
                               SPACE            0x400
    9 00000400         
   10 00000400         __initial_sp
   11 00000400                 AREA             RESET,DATA,READONLY
   12 00000000         
   13 00000000         __Vectors
   14 00000000 00000000        DCD              __initial_sp
   15 00000004 00000000        DCD              Reset_handler
   16 00000008         
   17 00000008                 AREA             |.text|,CODE,READONLY
   18 00000000                 THUMB
   19 00000000                 REQUIRE8
   20 00000000                 PRESERVE8
   21 00000000                 ENTRY
   22 00000000         
   23 00000000         Reset_handler
   24 00000000 F000 F809       bl               led_init
   25 00000004         main_loop
   26 00000004 F000 F818       bl               led_on
   27 00000008 F000 F824       bl               delay
   28 0000000C F000 F81B       bl               led_off
   29 00000010 F000 F820       bl               delay
   30 00000014 E7F6            b                main_loop
   31 00000016         
   32 00000016         ;;;;;;;;;;;led_init
   33 00000016         led_init
   34 00000016 B503            push             {r0,r1,lr}
   35 00000018 4816            LDR              r0,=RCC_APB2ENR
   36 0000001A F040 0004       ORR              r0,r0,#0x04
   37 0000001E 4915            LDR              r1,=RCC_APB2ENR
   38 00000020 6008            STR              r0,[r1]
   39 00000022         
   40 00000022 4815            LDR              r0,=GPIOA_CRL
   41 00000024 F420 2070       BIC              r0,r0,#0x0F0000
   42 00000028 4913            LDR              r1,=GPIOA_CRL
   43 0000002A 6008            STR              r0,[r1]
   44 0000002C         
   45 0000002C 4812            LDR              r0,=GPIOA_CRL
   46 0000002E F440 3040       ORR              r0,r0,#0x030000
   47 00000032 4911            LDR              r1,=GPIOA_CRL
   48 00000034 6008            STR              r0,[r1]
   49 00000036         
   50 00000036 BD03            pop              {r0,r1,pc}



ARM Macro Assembler    Page 2 


   51 00000038         
   52 00000038         led_on
   53 00000038 B503            push             {r0,r1,lr}
   54 0000003A 4810            LDR              r0,=GPIOA_BSRR
   55 0000003C F040 0010       ORR              r0,r0,#0x10
   56 00000040 490E            LDR              r1,=GPIOA_BSRR
   57 00000042 6008            STR              r0,[r1]
   58 00000044 BD03            pop              {r0,r1,pc}
   59 00000046         
   60 00000046         led_off
   61 00000046 B503            push             {r0,r1,lr}
   62 00000048 480D            LDR              r0,=GPIOA_BRR
   63 0000004A F040 0010       ORR              r0,r0,#0x10
   64 0000004E 490C            LDR              r1,=GPIOA_BRR
   65 00000050 6008            STR              r0,[r1]
   66 00000052 BD03            pop              {r0,r1,pc}
   67 00000054         
   68 00000054         
   69 00000054         ;;;;;;;delay
   70 00000054         delay
   71 00000054 B503            push             {r0,r1,lr}
   72 00000056 F44F 707A       mov              r0,#1000
   73 0000005A         loop1
   74 0000005A 3801            subs             r0,#1
   75 0000005C BF18 F000 
              F802             blne             delay1
   76 00000062 D1FA            bne              loop1
   77 00000064 BD03            pop              {r0,r1,pc}
   78 00000066         
   79 00000066         delay1
   80 00000066         ;push {lr}
   81 00000066 F44F 717A       mov              r1,#1000
   82 0000006A         loop2
   83 0000006A 3901            subs             r1,#1
   84 0000006C D1FD            bne              loop2
   85 0000006E F381 8803       msr              xPSR,r1
   86 00000072         
   87 00000072 4770            bx               lr          ;pop {pc}
   88 00000074         
   89 00000074                 END
              40021018 
              40010800 
              40010810 
              40010814 
Command Line: --debug --xref --diag_suppress=9931 --cpu=Cortex-M3 --apcs=interw
ork --depend=.\objects\blink_all_assembly_language.d -o.\objects\blink_all_asse
mbly_language.o -IC:\Users\17408\Desktop\水下机器人传感技术\blink_assembly_lang
uage_S1\RTE -IF:\Keil_v5\ARM\PACK\Keil\STM32F1xx_DFP\2.2.0\Device\Include -IF:\
Keil_v5\ARM\CMSIS\Include -IF:\Keil_v5\ARM\PACK\Keil\STM32F1xx_DFP\2.2.0 --pred
efine="__UVISION_VERSION SETA 521" --predefine="STM32F10X_MD SETA 1" --list=.\l
istings\blink_all_assembly_language.lst blink_all_assembly_language.s



ARM Macro Assembler    Page 1 Alphabetic symbol ordering
Relocatable symbols

STACK 00000000

Symbol: STACK
   Definitions
      At line 6 in file blink_all_assembly_language.s
   Uses
      None
Comment: STACK unused
Stack_Mem 00000000

Symbol: Stack_Mem
   Definitions
      At line 8 in file blink_all_assembly_language.s
   Uses
      None
Comment: Stack_Mem unused
__initial_sp 00000400

Symbol: __initial_sp
   Definitions
      At line 10 in file blink_all_assembly_language.s
   Uses
      At line 14 in file blink_all_assembly_language.s
Comment: __initial_sp used once
3 symbols



ARM Macro Assembler    Page 1 Alphabetic symbol ordering
Relocatable symbols

RESET 00000000

Symbol: RESET
   Definitions
      At line 11 in file blink_all_assembly_language.s
   Uses
      None
Comment: RESET unused
__Vectors 00000000

Symbol: __Vectors
   Definitions
      At line 13 in file blink_all_assembly_language.s
   Uses
      None
Comment: __Vectors unused
2 symbols



ARM Macro Assembler    Page 1 Alphabetic symbol ordering
Relocatable symbols

.text 00000000

Symbol: .text
   Definitions
      At line 17 in file blink_all_assembly_language.s
   Uses
      None
Comment: .text unused
Reset_handler 00000000

Symbol: Reset_handler
   Definitions
      At line 23 in file blink_all_assembly_language.s
   Uses
      At line 15 in file blink_all_assembly_language.s
Comment: Reset_handler used once
delay 00000054

Symbol: delay
   Definitions
      At line 70 in file blink_all_assembly_language.s
   Uses
      At line 27 in file blink_all_assembly_language.s
      At line 29 in file blink_all_assembly_language.s

delay1 00000066

Symbol: delay1
   Definitions
      At line 79 in file blink_all_assembly_language.s
   Uses
      At line 75 in file blink_all_assembly_language.s
Comment: delay1 used once
led_init 00000016

Symbol: led_init
   Definitions
      At line 33 in file blink_all_assembly_language.s
   Uses
      At line 24 in file blink_all_assembly_language.s
Comment: led_init used once
led_off 00000046

Symbol: led_off
   Definitions
      At line 60 in file blink_all_assembly_language.s
   Uses
      At line 28 in file blink_all_assembly_language.s
Comment: led_off used once
led_on 00000038

Symbol: led_on
   Definitions
      At line 52 in file blink_all_assembly_language.s
   Uses
      At line 26 in file blink_all_assembly_language.s
Comment: led_on used once
loop1 0000005A




ARM Macro Assembler    Page 2 Alphabetic symbol ordering
Relocatable symbols

Symbol: loop1
   Definitions
      At line 73 in file blink_all_assembly_language.s
   Uses
      At line 76 in file blink_all_assembly_language.s
Comment: loop1 used once
loop2 0000006A

Symbol: loop2
   Definitions
      At line 82 in file blink_all_assembly_language.s
   Uses
      At line 84 in file blink_all_assembly_language.s
Comment: loop2 used once
main_loop 00000004

Symbol: main_loop
   Definitions
      At line 25 in file blink_all_assembly_language.s
   Uses
      At line 30 in file blink_all_assembly_language.s
Comment: main_loop used once
10 symbols



ARM Macro Assembler    Page 1 Alphabetic symbol ordering
Absolute symbols

GPIOA_BRR 40010814

Symbol: GPIOA_BRR
   Definitions
      At line 2 in file blink_all_assembly_language.s
   Uses
      At line 62 in file blink_all_assembly_language.s
      At line 64 in file blink_all_assembly_language.s

GPIOA_BSRR 40010810

Symbol: GPIOA_BSRR
   Definitions
      At line 1 in file blink_all_assembly_language.s
   Uses
      At line 54 in file blink_all_assembly_language.s
      At line 56 in file blink_all_assembly_language.s

GPIOA_CRL 40010800

Symbol: GPIOA_CRL
   Definitions
      At line 4 in file blink_all_assembly_language.s
   Uses
      At line 40 in file blink_all_assembly_language.s
      At line 42 in file blink_all_assembly_language.s
      At line 45 in file blink_all_assembly_language.s
      At line 47 in file blink_all_assembly_language.s

RCC_APB2ENR 40021018

Symbol: RCC_APB2ENR
   Definitions
      At line 3 in file blink_all_assembly_language.s
   Uses
      At line 35 in file blink_all_assembly_language.s
      At line 37 in file blink_all_assembly_language.s

4 symbols
353 symbols in table
